Running: C:\Xilinx\14.5\ISE_DS\ISE\bin\nt64\unwrapped\fuse.exe -intstyle ise -incremental -lib unisims_ver -lib unimacro_ver -lib xilinxcorelib_ver -lib secureip -o C:/Users/shivakumar/mulll/testmult_isim_beh.exe -prj C:/Users/shivakumar/mulll/testmult_beh.prj work.testmult work.glbl 
ISim P.58f (signature 0x7708f090)
Number of CPUs detected in this system: 4
Turning on mult-threading, number of parallel sub-compilation jobs: 8 
Determining compilation order of HDL files
Analyzing Verilog file "C:/Users/shivakumar/mulll/muull.v" into library work
Analyzing Verilog file "C:/Users/shivakumar/mulll/testmult.v" into library work
Analyzing Verilog file "C:/Xilinx/14.5/ISE_DS/ISE//verilog/src/glbl.v" into library work
Starting static elaboration
Completed static elaboration
Compiling module ha
Compiling module fa
Compiling module multiplier
Compiling module testmult
Compiling module glbl
Time Resolution for simulation is 1ps.
Compiled 5 Verilog Units
Built simulation executable C:/Users/shivakumar/mulll/testmult_isim_beh.exe
Fuse Memory Usage: 28300 KB
Fuse CPU Usage: 405 ms
