Release 14.5 - xst P.58f (nt64)
Copyright (c) 1995-2012 Xilinx, Inc.  All rights reserved.
--> Parameter TMPDIR set to xst/projnav.tmp


Total REAL time to Xst completion: 0.00 secs
Total CPU time to Xst completion: 0.12 secs
 
--> Parameter xsthdpdir set to xst


Total REAL time to Xst completion: 0.00 secs
Total CPU time to Xst completion: 0.12 secs
 
--> Reading design: multiplier.prj

TABLE OF CONTENTS
  1) Synthesis Options Summary
  2) HDL Parsing
  3) HDL Elaboration
  4) HDL Synthesis
       4.1) HDL Synthesis Report
  5) Advanced HDL Synthesis
       5.1) Advanced HDL Synthesis Report
  6) Low Level Synthesis
  7) Partition Report
  8) Design Summary
       8.1) Primitive and Black Box Usage
       8.2) Device utilization summary
       8.3) Partition Resource Summary
       8.4) Timing Report
            8.4.1) Clock Information
            8.4.2) Asynchronous Control Signals Information
            8.4.3) Timing Summary
            8.4.4) Timing Details
            8.4.5) Cross Clock Domains Report


=========================================================================
*                      Synthesis Options Summary                        *
=========================================================================
---- Source Parameters
Input File Name                    : "multiplier.prj"
Ignore Synthesis Constraint File   : NO

---- Target Parameters
Output File Name                   : "multiplier"
Output Format                      : NGC
Target Device                      : xc7a100t-3-csg324

---- Source Options
Top Module Name                    : multiplier
Automatic FSM Extraction           : YES
FSM Encoding Algorithm             : Auto
Safe Implementation                : No
FSM Style                          : LUT
RAM Extraction                     : Yes
RAM Style                          : Auto
ROM Extraction                     : Yes
Shift Register Extraction          : YES
ROM Style                          : Auto
Resource Sharing                   : YES
Asynchronous To Synchronous        : NO
Shift Register Minimum Size        : 2
Use DSP Block                      : Auto
Automatic Register Balancing       : No

---- Target Options
LUT Combining                      : Auto
Reduce Control Sets                : Auto
Add IO Buffers                     : YES
Global Maximum Fanout              : 100000
Add Generic Clock Buffer(BUFG)     : 32
Register Duplication               : YES
Optimize Instantiated Primitives   : NO
Use Clock Enable                   : Auto
Use Synchronous Set                : Auto
Use Synchronous Reset              : Auto
Pack IO Registers into IOBs        : Auto
Equivalent register Removal        : YES

---- General Options
Optimization Goal                  : Speed
Optimization Effort                : 1
Power Reduction                    : NO
Keep Hierarchy                     : No
Netlist Hierarchy                  : As_Optimized
RTL Output                         : Yes
Global Optimization                : AllClockNets
Read Cores                         : YES
Write Timing Constraints           : NO
Cross Clock Analysis               : NO
Hierarchy Separator                : /
Bus Delimiter                      : <>
Case Specifier                     : Maintain
Slice Utilization Ratio            : 100
BRAM Utilization Ratio             : 100
DSP48 Utilization Ratio            : 100
Auto BRAM Packing                  : NO
Slice Utilization Ratio Delta      : 5

=========================================================================


=========================================================================
*                          HDL Parsing                                  *
=========================================================================
Analyzing Verilog file "C:\Users\shivakumar\mulll\muull.v" into library work
Parsing module <multiplier>.
Parsing module <fa>.
Parsing module <ha>.

=========================================================================
*                            HDL Elaboration                            *
=========================================================================

Elaborating module <multiplier>.

Elaborating module <ha>.

Elaborating module <fa>.

=========================================================================
*                           HDL Synthesis                               *
=========================================================================

Synthesizing Unit <multiplier>.
    Related source file is "C:\Users\shivakumar\mulll\muull.v".
    Summary:
	no macro.
Unit <multiplier> synthesized.

Synthesizing Unit <ha>.
    Related source file is "C:\Users\shivakumar\mulll\muull.v".
    Summary:
Unit <ha> synthesized.

Synthesizing Unit <fa>.
    Related source file is "C:\Users\shivakumar\mulll\muull.v".
    Summary:
Unit <fa> synthesized.

=========================================================================
HDL Synthesis Report

Macro Statistics
# Xors                                                 : 689
 1-bit xor2                                            : 689

=========================================================================

=========================================================================
*                       Advanced HDL Synthesis                          *
=========================================================================


=========================================================================
Advanced HDL Synthesis Report

Macro Statistics
# Xors                                                 : 689
 1-bit xor2                                            : 689

=========================================================================

=========================================================================
*                         Low Level Synthesis                           *
=========================================================================

Optimizing unit <multiplier> ...

Mapping all equations...
Building and optimizing final netlist ...
Found area constraint ratio of 100 (+ 5) on block multiplier, actual ratio is 0.

Final Macro Processing ...

=========================================================================
Final Register Report

Found no macro
=========================================================================

=========================================================================
*                           Partition Report                            *
=========================================================================

Partition Implementation Status
-------------------------------

  No Partitions were found in this design.

-------------------------------

=========================================================================
*                            Design Summary                             *
=========================================================================

Top Level Output File Name         : multiplier.ngc

Primitive and Black Box Usage:
------------------------------
# BELS                             : 414
#      LUT2                        : 66
#      LUT3                        : 2
#      LUT4                        : 82
#      LUT5                        : 41
#      LUT6                        : 223
# IO Buffers                       : 65
#      IBUF                        : 32
#      OBUF                        : 33

Device utilization summary:
---------------------------

Selected Device : 7a100tcsg324-3 


Slice Logic Utilization: 
 Number of Slice LUTs:                  414  out of  63400     0%  
    Number used as Logic:               414  out of  63400     0%  

Slice Logic Distribution: 
 Number of LUT Flip Flop pairs used:    414
   Number with an unused Flip Flop:     414  out of    414   100%  
   Number with an unused LUT:             0  out of    414     0%  
   Number of fully used LUT-FF pairs:     0  out of    414     0%  
   Number of unique control sets:         0

IO Utilization: 
 Number of IOs:                          65
 Number of bonded IOBs:                  65  out of    210    30%  

Specific Feature Utilization:

---------------------------
Partition Resource Summary:
---------------------------

  No Partitions were found in this design.

---------------------------


=========================================================================
Timing Report

NOTE: THESE TIMING NUMBERS ARE ONLY A SYNTHESIS ESTIMATE.
      FOR ACCURATE TIMING INFORMATION PLEASE REFER TO THE TRACE REPORT
      GENERATED AFTER PLACE-and-ROUTE.

Clock Information:
------------------
No clock signals found in this design

Asynchronous Control Signals Information:
----------------------------------------
No asynchronous control signals found in this design

Timing Summary:
---------------
Speed Grade: -3

   Minimum period: No path found
   Minimum input arrival time before clock: No path found
   Maximum output required time after clock: No path found
   Maximum combinational path delay: 17.852ns

Timing Details:
---------------
All values displayed in nanoseconds (ns)

=========================================================================
Timing constraint: Default path analysis
  Total number of paths / destination ports: 12397398 / 33
-------------------------------------------------------------------------
Delay:               17.852ns (Levels of Logic = 26)
  Source:            b<2> (PAD)
  Destination:       out2<15> (PAD)

  Data Path: b<2> to out2<15>
                                Gate     Net
    Cell:in->out      fanout   Delay   Delay  Logical Name (Net Name)
    ----------------------------------------  ------------
     IBUF:I->O            33   0.001   0.800  b_2_IBUF (b_2_IBUF)
     LUT6:I0->O            2   0.097   0.688  f111/Mxor_s_xo<0>1 (s114)
     LUT6:I1->O            3   0.097   0.703  f26/Mxor_s_xo<0>1 (s213)
     LUT6:I0->O            2   0.097   0.698  f39/Mxor_s_xo<0>1 (s312)
     LUT6:I0->O            2   0.097   0.688  f52/Mxor_s_xo<0>1 (s411)
     LUT6:I1->O            2   0.097   0.698  f65/Mxor_s_xo<0>1 (s510)
     LUT6:I0->O            2   0.097   0.698  f78/Mxor_s_xo<0>1 (s69)
     LUT6:I0->O            2   0.097   0.698  f91/Mxor_s_xo<0>1 (s78)
     LUT6:I0->O            2   0.097   0.698  f104/Mxor_s_xo<0>1 (s87)
     LUT6:I0->O            2   0.097   0.698  f117/Mxor_s_xo<0>1 (s96)
     LUT6:I0->O            2   0.097   0.698  f130/Mxor_s_xo<0>1 (s105)
     LUT6:I0->O            2   0.097   0.698  f143/Mxor_s_xo<0>1 (s11_4)
     LUT6:I0->O            2   0.097   0.300  f156/Mxor_s_xo<0>1 (s123)
     LUT6:I5->O            3   0.097   0.389  f169/Mxor_cout_xo<0>1 (c133)
     LUT4:I2->O            2   0.097   0.698  f182/Mxor_s_xo<0>1 (s142)
     LUT6:I0->O            2   0.097   0.698  h29/Mxor_cout_xo<0>1 (c151)
     LUT6:I0->O            3   0.097   0.566  h30/Mxor_cout_xo<0>1 (c152)
     LUT6:I2->O            3   0.097   0.566  h32/Mxor_cout_xo<0>1 (c154)
     LUT6:I2->O            3   0.097   0.566  h34/Mxor_cout_xo<0>1 (c156)
     LUT6:I2->O            3   0.097   0.566  h36/Mxor_cout_xo<0>1 (c158)
     LUT6:I2->O            3   0.097   0.521  h38/Mxor_cout_xo<0>1 (c1510)
     LUT5:I2->O            2   0.097   0.697  h40/Mxor_cout_xo<0>1 (c1512)
     LUT6:I0->O            2   0.097   0.697  h41/Mxor_cout_xo<0>1 (c1513)
     LUT6:I0->O            3   0.097   0.521  h42/Mxor_cout_xo<0>1 (c1514)
     LUT5:I2->O            1   0.097   0.279  h45/Cout1 (of_OBUF)
     OBUF:I->O                 0.000          of_OBUF (of)
    ----------------------------------------
    Total                     17.852ns (2.329ns logic, 15.523ns route)
                                       (13.0% logic, 87.0% route)

=========================================================================

Cross Clock Domains Report:
--------------------------

=========================================================================


Total REAL time to Xst completion: 19.00 secs
Total CPU time to Xst completion: 19.75 secs
 
--> 

Total memory usage is 4623228 kilobytes

Number of errors   :    0 (   0 filtered)
Number of warnings :    0 (   0 filtered)
Number of infos    :    0 (   0 filtered)

